CRITICAL - 2022-12-29 01:55:36 --> Undefined variable: request
in APPPATH\Views\layout\sidebar.php on line 15.
 1 APPPATH\Views\layout\sidebar.php(15): CodeIgniter\Debug\Exceptions->errorHandler(8, 'Undefined variable: request', 'APPPATH\\Views\\layout\\sidebar.php', 15, [])
 2 SYSTEMPATH\View\View.php(213): include('APPPATH\\Views\\layout\\sidebar.php')
 3 SYSTEMPATH\View\View.php(216): CodeIgniter\View\View->CodeIgniter\View\{closure}()
 4 SYSTEMPATH\View\View.php(431): CodeIgniter\View\View->render('layout/sidebar', null, true)
 5 APPPATH\Views\layout\main.php(30): CodeIgniter\View\View->include('layout/sidebar')
 6 SYSTEMPATH\View\View.php(213): include('APPPATH\\Views\\layout\\main.php')
 7 SYSTEMPATH\View\View.php(216): CodeIgniter\View\View->CodeIgniter\View\{closure}()
 8 SYSTEMPATH\View\View.php(229): CodeIgniter\View\View->render('layout/main', [], true)
 9 SYSTEMPATH\Common.php(1135): CodeIgniter\View\View->render('dashboard', [], true)
10 APPPATH\Controllers\Dashboard.php(9): view('dashboard')
11 SYSTEMPATH\CodeIgniter.php(925): App\Controllers\Dashboard->index()
12 SYSTEMPATH\CodeIgniter.php(480): CodeIgniter\CodeIgniter->runController(Object(App\Controllers\Dashboard))
13 SYSTEMPATH\CodeIgniter.php(349): CodeIgniter\CodeIgniter->handleRequest(null, Object(Config\Cache), false)
14 FCPATH\index.php(67): CodeIgniter\CodeIgniter->run()
CRITICAL - 2022-12-29 01:55:56 --> Undefined property: CodeIgniter\View\View::$uri
in APPPATH\Views\layout\sidebar.php on line 15.
 1 APPPATH\Views\layout\sidebar.php(15): CodeIgniter\Debug\Exceptions->errorHandler(8, 'Undefined property: CodeIgniter\\View\\View::$uri', 'APPPATH\\Views\\layout\\sidebar.php', 15, [])
 2 SYSTEMPATH\View\View.php(213): include('APPPATH\\Views\\layout\\sidebar.php')
 3 SYSTEMPATH\View\View.php(216): CodeIgniter\View\View->CodeIgniter\View\{closure}()
 4 SYSTEMPATH\View\View.php(431): CodeIgniter\View\View->render('layout/sidebar', null, true)
 5 APPPATH\Views\layout\main.php(30): CodeIgniter\View\View->include('layout/sidebar')
 6 SYSTEMPATH\View\View.php(213): include('APPPATH\\Views\\layout\\main.php')
 7 SYSTEMPATH\View\View.php(216): CodeIgniter\View\View->CodeIgniter\View\{closure}()
 8 SYSTEMPATH\View\View.php(229): CodeIgniter\View\View->render('layout/main', [], true)
 9 SYSTEMPATH\Common.php(1135): CodeIgniter\View\View->render('dashboard', [], true)
10 APPPATH\Controllers\Dashboard.php(9): view('dashboard')
11 SYSTEMPATH\CodeIgniter.php(925): App\Controllers\Dashboard->index()
12 SYSTEMPATH\CodeIgniter.php(480): CodeIgniter\CodeIgniter->runController(Object(App\Controllers\Dashboard))
13 SYSTEMPATH\CodeIgniter.php(349): CodeIgniter\CodeIgniter->handleRequest(null, Object(Config\Cache), false)
14 FCPATH\index.php(67): CodeIgniter\CodeIgniter->run()
CRITICAL - 2022-12-29 03:23:23 --> Undefined property: CodeIgniter\View\View::$uri
in APPPATH\Views\layout\sidebar.php on line 15.
 1 APPPATH\Views\layout\sidebar.php(15): CodeIgniter\Debug\Exceptions->errorHandler(8, 'Undefined property: CodeIgniter\\View\\View::$uri', 'APPPATH\\Views\\layout\\sidebar.php', 15, [])
 2 SYSTEMPATH\View\View.php(213): include('APPPATH\\Views\\layout\\sidebar.php')
 3 SYSTEMPATH\View\View.php(216): CodeIgniter\View\View->CodeIgniter\View\{closure}()
 4 SYSTEMPATH\View\View.php(431): CodeIgniter\View\View->render('layout/sidebar', null, true)
 5 APPPATH\Views\layout\main.php(30): CodeIgniter\View\View->include('layout/sidebar')
 6 SYSTEMPATH\View\View.php(213): include('APPPATH\\Views\\layout\\main.php')
 7 SYSTEMPATH\View\View.php(216): CodeIgniter\View\View->CodeIgniter\View\{closure}()
 8 SYSTEMPATH\View\View.php(229): CodeIgniter\View\View->render('layout/main', [], true)
 9 SYSTEMPATH\Common.php(1135): CodeIgniter\View\View->render('dashboard', [], true)
10 APPPATH\Controllers\Dashboard.php(9): view('dashboard')
11 SYSTEMPATH\CodeIgniter.php(925): App\Controllers\Dashboard->index()
12 SYSTEMPATH\CodeIgniter.php(480): CodeIgniter\CodeIgniter->runController(Object(App\Controllers\Dashboard))
13 SYSTEMPATH\CodeIgniter.php(349): CodeIgniter\CodeIgniter->handleRequest(null, Object(Config\Cache), false)
14 FCPATH\index.php(67): CodeIgniter\CodeIgniter->run()
CRITICAL - 2022-12-29 19:26:54 --> Undefined variable: request
in APPPATH\Views\layout\sidebar.php on line 16.
 1 APPPATH\Views\layout\sidebar.php(16): CodeIgniter\Debug\Exceptions->errorHandler(8, 'Undefined variable: request', 'APPPATH\\Views\\layout\\sidebar.php', 16, [])
 2 SYSTEMPATH\View\View.php(213): include('APPPATH\\Views\\layout\\sidebar.php')
 3 SYSTEMPATH\View\View.php(216): CodeIgniter\View\View->CodeIgniter\View\{closure}()
 4 SYSTEMPATH\View\View.php(431): CodeIgniter\View\View->render('layout/sidebar', null, true)
 5 APPPATH\Views\layout\main.php(30): CodeIgniter\View\View->include('layout/sidebar')
 6 SYSTEMPATH\View\View.php(213): include('APPPATH\\Views\\layout\\main.php')
 7 SYSTEMPATH\View\View.php(216): CodeIgniter\View\View->CodeIgniter\View\{closure}()
 8 SYSTEMPATH\View\View.php(229): CodeIgniter\View\View->render('layout/main', [], true)
 9 SYSTEMPATH\Common.php(1135): CodeIgniter\View\View->render('dashboard', [], true)
10 APPPATH\Controllers\Dashboard.php(10): view('dashboard')
11 SYSTEMPATH\CodeIgniter.php(925): App\Controllers\Dashboard->index()
12 SYSTEMPATH\CodeIgniter.php(480): CodeIgniter\CodeIgniter->runController(Object(App\Controllers\Dashboard))
13 SYSTEMPATH\CodeIgniter.php(349): CodeIgniter\CodeIgniter->handleRequest(null, Object(Config\Cache), false)
14 FCPATH\index.php(67): CodeIgniter\CodeIgniter->run()
CRITICAL - 2022-12-29 21:31:56 --> Invalid file: pages/forgot_password.php
in SYSTEMPATH\Exceptions\FrameworkException.php on line 33.
 1 SYSTEMPATH\View\View.php(201): CodeIgniter\Exceptions\FrameworkException::forInvalidFile('pages/forgot_password.php')
 2 SYSTEMPATH\Common.php(1135): CodeIgniter\View\View->render('pages/forgot_password', [], true)
 3 APPPATH\Controllers\Pages.php(19): view('pages/forgot_password')
 4 SYSTEMPATH\CodeIgniter.php(925): App\Controllers\Pages->forgot_password()
 5 SYSTEMPATH\CodeIgniter.php(480): CodeIgniter\CodeIgniter->runController(Object(App\Controllers\Pages))
 6 SYSTEMPATH\CodeIgniter.php(349): CodeIgniter\CodeIgniter->handleRequest(null, Object(Config\Cache), false)
 7 FCPATH\index.php(67): CodeIgniter\CodeIgniter->run()
CRITICAL - 2022-12-29 21:32:48 --> Invalid file: pages/forgot_password.php
in SYSTEMPATH\Exceptions\FrameworkException.php on line 33.
 1 SYSTEMPATH\View\View.php(201): CodeIgniter\Exceptions\FrameworkException::forInvalidFile('pages/forgot_password.php')
 2 SYSTEMPATH\Common.php(1135): CodeIgniter\View\View->render('pages/forgot_password', [], true)
 3 APPPATH\Controllers\Pages.php(19): view('pages/forgot_password')
 4 SYSTEMPATH\CodeIgniter.php(925): App\Controllers\Pages->forgot_password()
 5 SYSTEMPATH\CodeIgniter.php(480): CodeIgniter\CodeIgniter->runController(Object(App\Controllers\Pages))
 6 SYSTEMPATH\CodeIgniter.php(349): CodeIgniter\CodeIgniter->handleRequest(null, Object(Config\Cache), false)
 7 FCPATH\index.php(67): CodeIgniter\CodeIgniter->run()
